2025-07-29 17:00:46,963 - ai_insurance - INFO - agency_assistant.py:103 - 开始分析经纪人话语意图
2025-07-29 17:00:50,795 - ai_insurance - INFO - agency_assistant.py:192 - 生成AI用户回应
2025-07-29 17:00:59,370 - ai_insurance - INFO - agency_assistant.py:230 - 生成助理建议
2025-07-29 17:01:12,580 - ai_insurance - INFO - agency_assistant.py:293 - 完成智能对话助理分析
2025-07-29 17:02:56,414 - ai_insurance - INFO - agency_assistant.py:103 - 开始分析经纪人话语意图
2025-07-29 17:02:58,292 - ai_insurance - INFO - agency_assistant.py:192 - 生成AI用户回应
2025-07-29 17:03:06,481 - ai_insurance - INFO - agency_assistant.py:230 - 生成助理建议
2025-07-29 17:03:16,517 - ai_insurance - INFO - agency_assistant.py:293 - 完成智能对话助理分析
2025-07-29 17:25:01,635 - ai_insurance - INFO - agency_assistant.py:103 - 开始分析经纪人话语意图
2025-07-29 17:25:04,457 - ai_insurance - INFO - agency_assistant.py:192 - 生成AI用户回应
2025-07-29 17:27:35,630 - ai_insurance - INFO - agency_assistant.py:230 - 生成助理建议
2025-07-29 17:27:45,642 - ai_insurance - INFO - agency_assistant.py:293 - 完成智能对话助理分析
2025-07-29 17:58:54,956 - ai_insurance - INFO - agency_assistant.py:103 - 开始分析经纪人话语意图
2025-07-29 17:59:00,576 - ai_insurance - INFO - agency_assistant.py:192 - 生成AI用户回应
2025-07-29 17:59:07,864 - ai_insurance - INFO - agency_assistant.py:230 - 生成助理建议
2025-07-29 17:59:22,795 - ai_insurance - INFO - agency_assistant.py:293 - 完成智能对话助理分析
2025-07-29 18:02:38,422 - ai_insurance - INFO - agency_assistant.py:103 - 开始分析经纪人话语意图
2025-07-29 18:02:40,050 - ai_insurance - INFO - agency_assistant.py:192 - 生成AI用户回应
2025-07-29 18:02:47,286 - ai_insurance - INFO - agency_assistant.py:230 - 生成助理建议
2025-07-29 18:02:57,643 - ai_insurance - INFO - agency_assistant.py:293 - 完成智能对话助理分析
2025-07-29 18:14:57,147 - ai_insurance - INFO - agency_assistant.py:104 - 开始分析经纪人话语意图
2025-07-29 18:15:01,052 - ai_insurance - INFO - agency_assistant.py:193 - 生成AI用户回应
2025-07-29 18:15:07,641 - ai_insurance - INFO - agency_assistant.py:231 - 生成助理建议
2025-07-29 18:15:19,407 - ai_insurance - INFO - agency_assistant.py:294 - 完成智能对话助理分析
2025-07-29 18:16:35,360 - ai_insurance - INFO - agency_assistant.py:104 - 开始分析经纪人话语意图
2025-07-29 18:16:39,870 - ai_insurance - INFO - agency_assistant.py:193 - 生成AI用户回应
2025-07-29 18:16:48,479 - ai_insurance - INFO - agency_assistant.py:231 - 生成助理建议
2025-07-29 18:17:03,081 - ai_insurance - INFO - agency_assistant.py:294 - 完成智能对话助理分析
2025-07-29 18:23:31,675 - ai_insurance - INFO - agency_assistant.py:104 - 开始分析经纪人话语意图
2025-07-29 18:23:35,038 - ai_insurance - INFO - agency_assistant.py:245 - 生成助理建议
2025-07-29 18:23:48,289 - ai_insurance - INFO - agency_assistant.py:193 - 生成AI用户回应
2025-07-29 18:23:54,824 - ai_insurance - INFO - agency_assistant.py:319 - 完成智能对话助理分析
2025-07-29 18:25:09,337 - ai_insurance - INFO - agency_assistant.py:104 - 开始分析经纪人话语意图
2025-07-29 18:25:10,961 - ai_insurance - INFO - agency_assistant.py:245 - 生成助理建议
2025-07-29 18:25:24,028 - ai_insurance - INFO - agency_assistant.py:193 - 生成AI用户回应
2025-07-29 18:25:30,252 - ai_insurance - INFO - agency_assistant.py:319 - 完成智能对话助理分析
2025-07-29 18:27:33,143 - ai_insurance - INFO - agency_assistant.py:104 - 开始分析经纪人话语意图
2025-07-29 18:27:34,943 - ai_insurance - INFO - agency_assistant.py:245 - 生成助理建议
2025-07-29 18:27:49,739 - ai_insurance - INFO - agency_assistant.py:193 - 生成AI用户回应
2025-07-29 18:27:57,277 - ai_insurance - INFO - agency_assistant.py:319 - 完成智能对话助理分析
2025-07-29 20:21:05,848 - ai_insurance - INFO - agency_assistant.py:104 - 开始分析经纪人话语意图
2025-07-29 20:21:09,514 - ai_insurance - INFO - agency_assistant.py:245 - 生成助理建议
2025-07-29 20:21:22,810 - ai_insurance - INFO - agency_assistant.py:193 - 生成AI用户回应
2025-07-29 20:21:30,268 - ai_insurance - INFO - agency_assistant.py:319 - 完成智能对话助理分析
2025-07-30 18:23:15,071 - ai_insurance - INFO - rag_pit_detector.py:105 - 开始加载保险坑点数据: data/insurance_pits_merged.json
2025-07-30 18:23:15,116 - ai_insurance - INFO - rag_pit_detector.py:139 - 成功加载 660 条保险坑点数据
2025-07-30 18:23:15,118 - ai_insurance - INFO - rag_pit_detector.py:187 - 开始创建向量数据库
2025-07-30 18:23:15,193 - ai_insurance - INFO - rag_pit_detector.py:171 - 初始化阿里云嵌入模型: text-embedding-v4
2025-07-30 18:23:15,194 - ai_insurance - INFO - rag_pit_detector.py:203 - 文档分割完成，共 2 个文档块
2025-07-30 18:23:15,194 - ai_insurance - INFO - rag_pit_detector.py:206 - 检查文档编码...
2025-07-30 18:23:15,194 - ai_insurance - INFO - rag_pit_detector.py:219 - 开始创建向量嵌入...
2025-07-30 18:23:15,664 - ai_insurance - ERROR - rag_pit_detector.py:227 - 创建向量数据库失败: 'latin-1' codec can't encode character '\u2018' in position 7: ordinal not in range(256)
2025-07-30 18:23:15,665 - ai_insurance - ERROR - rag_pit_detector.py:230 - 这是一个字符编码问题，请检查数据中是否包含特殊字符
2025-07-30 18:23:15,665 - ai_insurance - INFO - rag_pit_detector.py:232 - 尝试清理所有文档内容...
2025-07-30 18:23:15,666 - ai_insurance - INFO - rag_pit_detector.py:241 - 重试创建向量数据库...
2025-07-30 18:23:15,826 - ai_insurance - ERROR - rag_pit_detector.py:249 - 重试后仍然失败: 'latin-1' codec can't encode character '\u2018' in position 7: ordinal not in range(256)
2025-07-30 19:47:24,296 - ai_insurance - ERROR - agency_assistant.py:67 - RAG坑点检索器初始化失败: (ProtocolError('Connection aborted.', ConnectionResetError(54, 'Connection reset by peer')), '(Request ID: b42a659d-fe2d-40eb-bf3e-ed6e5a91d473)')
2025-07-30 19:51:05,486 - ai_insurance - INFO - agency_assistant.py:113 - 开始分析经纪人话语意图
2025-07-30 19:51:06,790 - ai_insurance - ERROR - agency_assistant.py:186 - 意图识别失败: 'ascii' codec can't encode character '\u2018' in position 7: ordinal not in range(128)
2025-07-30 19:51:06,792 - ai_insurance - ERROR - agency_assistant.py:384 - 智能对话助理处理错误: 意图识别失败: 'ascii' codec can't encode character '\u2018' in position 7: ordinal not in range(128)
2025-07-31 13:01:33,746 - ai_insurance - INFO - rag_pit_detector.py:160 - 初始化阿里云嵌入模型: text-embedding-v4
2025-07-31 13:01:33,747 - ai_insurance - WARNING - rag_pit_detector.py:259 - 向量数据库文件不存在: data/vector_store/faiss_index
2025-07-31 13:01:33,747 - ai_insurance - INFO - rag_pit_detector.py:298 - 未找到现有向量数据库，将创建新的数据库
2025-07-31 13:01:33,747 - ai_insurance - INFO - rag_pit_detector.py:94 - 开始加载保险坑点数据: data/insurance_pits_merged.json
2025-07-31 13:01:33,791 - ai_insurance - INFO - rag_pit_detector.py:128 - 成功加载 660 条保险坑点数据
2025-07-31 13:01:33,792 - ai_insurance - INFO - rag_pit_detector.py:176 - 开始创建向量数据库
2025-07-31 13:01:33,800 - ai_insurance - INFO - rag_pit_detector.py:190 - 文档分割完成，共 660 个文档块
2025-07-31 13:01:33,800 - ai_insurance - INFO - rag_pit_detector.py:205 - 分批处理文档，每批 8 个
2025-07-31 13:01:37,204 - ai_insurance - INFO - rag_pit_detector.py:213 - 处理第1批: 8 个文档
2025-07-31 13:01:37,204 - ai_insurance - INFO - rag_pit_detector.py:220 - 处理第2批: 8 个文档
2025-07-31 13:01:37,730 - ai_insurance - INFO - rag_pit_detector.py:220 - 处理第3批: 8 个文档
2025-07-31 13:01:38,295 - ai_insurance - INFO - rag_pit_detector.py:220 - 处理第4批: 8 个文档
2025-07-31 13:01:38,831 - ai_insurance - INFO - rag_pit_detector.py:220 - 处理第5批: 8 个文档
2025-07-31 13:01:39,427 - ai_insurance - INFO - rag_pit_detector.py:220 - 处理第6批: 8 个文档
2025-07-31 13:01:40,052 - ai_insurance - INFO - rag_pit_detector.py:220 - 处理第7批: 8 个文档
2025-07-31 13:01:40,601 - ai_insurance - INFO - rag_pit_detector.py:220 - 处理第8批: 8 个文档
2025-07-31 13:01:41,123 - ai_insurance - INFO - rag_pit_detector.py:220 - 处理第9批: 8 个文档
2025-07-31 13:01:41,696 - ai_insurance - INFO - rag_pit_detector.py:220 - 处理第10批: 8 个文档
2025-07-31 13:01:42,177 - ai_insurance - INFO - rag_pit_detector.py:220 - 处理第11批: 8 个文档
2025-07-31 13:01:42,791 - ai_insurance - INFO - rag_pit_detector.py:220 - 处理第12批: 8 个文档
2025-07-31 13:01:43,403 - ai_insurance - INFO - rag_pit_detector.py:220 - 处理第13批: 8 个文档
2025-07-31 13:01:43,943 - ai_insurance - INFO - rag_pit_detector.py:220 - 处理第14批: 8 个文档
2025-07-31 13:01:44,549 - ai_insurance - INFO - rag_pit_detector.py:220 - 处理第15批: 8 个文档
2025-07-31 13:01:45,185 - ai_insurance - INFO - rag_pit_detector.py:220 - 处理第16批: 8 个文档
2025-07-31 13:01:45,832 - ai_insurance - INFO - rag_pit_detector.py:220 - 处理第17批: 8 个文档
2025-07-31 13:01:46,405 - ai_insurance - INFO - rag_pit_detector.py:220 - 处理第18批: 8 个文档
2025-07-31 13:01:47,030 - ai_insurance - INFO - rag_pit_detector.py:220 - 处理第19批: 8 个文档
2025-07-31 13:01:47,611 - ai_insurance - INFO - rag_pit_detector.py:220 - 处理第20批: 8 个文档
2025-07-31 13:01:48,293 - ai_insurance - INFO - rag_pit_detector.py:220 - 处理第21批: 8 个文档
2025-07-31 13:01:48,891 - ai_insurance - INFO - rag_pit_detector.py:220 - 处理第22批: 8 个文档
2025-07-31 13:01:49,477 - ai_insurance - INFO - rag_pit_detector.py:220 - 处理第23批: 8 个文档
2025-07-31 13:01:50,046 - ai_insurance - INFO - rag_pit_detector.py:220 - 处理第24批: 8 个文档
2025-07-31 13:01:50,821 - ai_insurance - INFO - rag_pit_detector.py:220 - 处理第25批: 8 个文档
2025-07-31 13:01:51,507 - ai_insurance - INFO - rag_pit_detector.py:220 - 处理第26批: 8 个文档
2025-07-31 13:01:52,149 - ai_insurance - INFO - rag_pit_detector.py:220 - 处理第27批: 8 个文档
2025-07-31 13:01:52,786 - ai_insurance - INFO - rag_pit_detector.py:220 - 处理第28批: 8 个文档
2025-07-31 13:01:53,358 - ai_insurance - INFO - rag_pit_detector.py:220 - 处理第29批: 8 个文档
2025-07-31 13:01:53,995 - ai_insurance - INFO - rag_pit_detector.py:220 - 处理第30批: 8 个文档
2025-07-31 13:01:54,636 - ai_insurance - INFO - rag_pit_detector.py:220 - 处理第31批: 8 个文档
2025-07-31 13:01:55,216 - ai_insurance - INFO - rag_pit_detector.py:220 - 处理第32批: 8 个文档
2025-07-31 13:01:55,788 - ai_insurance - INFO - rag_pit_detector.py:220 - 处理第33批: 8 个文档
2025-07-31 13:01:56,466 - ai_insurance - INFO - rag_pit_detector.py:220 - 处理第34批: 8 个文档
2025-07-31 13:01:57,010 - ai_insurance - INFO - rag_pit_detector.py:220 - 处理第35批: 8 个文档
2025-07-31 13:01:57,623 - ai_insurance - INFO - rag_pit_detector.py:220 - 处理第36批: 8 个文档
2025-07-31 13:01:58,242 - ai_insurance - INFO - rag_pit_detector.py:220 - 处理第37批: 8 个文档
2025-07-31 13:01:58,763 - ai_insurance - INFO - rag_pit_detector.py:220 - 处理第38批: 8 个文档
2025-07-31 13:01:59,433 - ai_insurance - INFO - rag_pit_detector.py:220 - 处理第39批: 8 个文档
2025-07-31 13:02:00,056 - ai_insurance - INFO - rag_pit_detector.py:220 - 处理第40批: 8 个文档
2025-07-31 13:02:00,612 - ai_insurance - INFO - rag_pit_detector.py:220 - 处理第41批: 8 个文档
2025-07-31 13:02:01,202 - ai_insurance - INFO - rag_pit_detector.py:220 - 处理第42批: 8 个文档
2025-07-31 13:02:01,764 - ai_insurance - INFO - rag_pit_detector.py:220 - 处理第43批: 8 个文档
2025-07-31 13:02:02,391 - ai_insurance - INFO - rag_pit_detector.py:220 - 处理第44批: 8 个文档
2025-07-31 13:02:03,225 - ai_insurance - INFO - rag_pit_detector.py:220 - 处理第45批: 8 个文档
2025-07-31 13:02:03,833 - ai_insurance - INFO - rag_pit_detector.py:220 - 处理第46批: 8 个文档
2025-07-31 13:02:04,391 - ai_insurance - INFO - rag_pit_detector.py:220 - 处理第47批: 8 个文档
2025-07-31 13:02:04,910 - ai_insurance - INFO - rag_pit_detector.py:220 - 处理第48批: 8 个文档
2025-07-31 13:02:05,380 - ai_insurance - INFO - rag_pit_detector.py:220 - 处理第49批: 8 个文档
2025-07-31 13:02:05,999 - ai_insurance - INFO - rag_pit_detector.py:220 - 处理第50批: 8 个文档
2025-07-31 13:02:06,546 - ai_insurance - INFO - rag_pit_detector.py:220 - 处理第51批: 8 个文档
2025-07-31 13:02:07,020 - ai_insurance - INFO - rag_pit_detector.py:220 - 处理第52批: 8 个文档
2025-07-31 13:02:07,539 - ai_insurance - INFO - rag_pit_detector.py:220 - 处理第53批: 8 个文档
2025-07-31 13:02:08,104 - ai_insurance - INFO - rag_pit_detector.py:220 - 处理第54批: 8 个文档
2025-07-31 13:02:08,626 - ai_insurance - INFO - rag_pit_detector.py:220 - 处理第55批: 8 个文档
2025-07-31 13:02:09,261 - ai_insurance - INFO - rag_pit_detector.py:220 - 处理第56批: 8 个文档
2025-07-31 13:02:09,770 - ai_insurance - INFO - rag_pit_detector.py:220 - 处理第57批: 8 个文档
2025-07-31 13:02:10,249 - ai_insurance - INFO - rag_pit_detector.py:220 - 处理第58批: 8 个文档
2025-07-31 13:02:11,046 - ai_insurance - INFO - rag_pit_detector.py:220 - 处理第59批: 8 个文档
2025-07-31 13:02:11,564 - ai_insurance - INFO - rag_pit_detector.py:220 - 处理第60批: 8 个文档
2025-07-31 13:02:12,063 - ai_insurance - INFO - rag_pit_detector.py:220 - 处理第61批: 8 个文档
2025-07-31 13:02:12,564 - ai_insurance - INFO - rag_pit_detector.py:220 - 处理第62批: 8 个文档
2025-07-31 13:02:13,163 - ai_insurance - INFO - rag_pit_detector.py:220 - 处理第63批: 8 个文档
2025-07-31 13:02:13,702 - ai_insurance - INFO - rag_pit_detector.py:220 - 处理第64批: 8 个文档
2025-07-31 13:02:14,208 - ai_insurance - INFO - rag_pit_detector.py:220 - 处理第65批: 8 个文档
2025-07-31 13:02:14,742 - ai_insurance - INFO - rag_pit_detector.py:220 - 处理第66批: 8 个文档
2025-07-31 13:02:15,221 - ai_insurance - INFO - rag_pit_detector.py:220 - 处理第67批: 8 个文档
2025-07-31 13:02:15,724 - ai_insurance - INFO - rag_pit_detector.py:220 - 处理第68批: 8 个文档
2025-07-31 13:02:16,217 - ai_insurance - INFO - rag_pit_detector.py:220 - 处理第69批: 8 个文档
2025-07-31 13:02:16,708 - ai_insurance - INFO - rag_pit_detector.py:220 - 处理第70批: 8 个文档
2025-07-31 13:02:17,393 - ai_insurance - INFO - rag_pit_detector.py:220 - 处理第71批: 8 个文档
2025-07-31 13:02:17,921 - ai_insurance - INFO - rag_pit_detector.py:220 - 处理第72批: 8 个文档
2025-07-31 13:02:18,464 - ai_insurance - INFO - rag_pit_detector.py:220 - 处理第73批: 8 个文档
2025-07-31 13:02:18,953 - ai_insurance - INFO - rag_pit_detector.py:220 - 处理第74批: 8 个文档
2025-07-31 13:02:19,416 - ai_insurance - INFO - rag_pit_detector.py:220 - 处理第75批: 8 个文档
2025-07-31 13:02:19,912 - ai_insurance - INFO - rag_pit_detector.py:220 - 处理第76批: 8 个文档
2025-07-31 13:02:20,545 - ai_insurance - INFO - rag_pit_detector.py:220 - 处理第77批: 8 个文档
2025-07-31 13:02:21,144 - ai_insurance - INFO - rag_pit_detector.py:220 - 处理第78批: 8 个文档
2025-07-31 13:02:21,665 - ai_insurance - INFO - rag_pit_detector.py:220 - 处理第79批: 8 个文档
2025-07-31 13:02:22,191 - ai_insurance - INFO - rag_pit_detector.py:220 - 处理第80批: 8 个文档
2025-07-31 13:02:22,682 - ai_insurance - INFO - rag_pit_detector.py:220 - 处理第81批: 8 个文档
2025-07-31 13:02:23,358 - ai_insurance - INFO - rag_pit_detector.py:220 - 处理第82批: 8 个文档
2025-07-31 13:02:23,821 - ai_insurance - INFO - rag_pit_detector.py:220 - 处理第83批: 4 个文档
2025-07-31 13:02:24,207 - ai_insurance - INFO - rag_pit_detector.py:231 - FAISS向量数据库创建成功
2025-07-31 13:02:24,242 - ai_insurance - INFO - rag_pit_detector.py:247 - 向量数据库已保存到: data/vector_store/faiss_index
2025-07-31 13:02:24,243 - ai_insurance - INFO - agency_assistant.py:65 - RAG坑点检索器初始化成功
2025-07-31 13:02:52,732 - ai_insurance - INFO - agency_assistant.py:113 - 开始分析经纪人话语意图
2025-07-31 13:02:54,257 - ai_insurance - INFO - agency_assistant.py:254 - 生成助理建议
2025-07-31 13:02:54,781 - ai_insurance - INFO - rag_pit_detector.py:348 - 检索到 0 个相关坑点 (查询: 你好 未明确主题...)
2025-07-31 13:02:54,781 - ai_insurance - INFO - agency_assistant.py:289 - 未检索到相关坑点
2025-07-31 13:03:06,583 - ai_insurance - INFO - agency_assistant.py:202 - 生成AI用户回应
2025-07-31 13:03:12,287 - ai_insurance - INFO - agency_assistant.py:379 - 完成智能对话助理分析
2025-07-31 13:04:01,695 - ai_insurance - INFO - agency_assistant.py:113 - 开始分析经纪人话语意图
2025-07-31 13:04:05,180 - ai_insurance - INFO - agency_assistant.py:254 - 生成助理建议
2025-07-31 13:04:05,474 - ai_insurance - INFO - rag_pit_detector.py:348 - 检索到 0 个相关坑点 (查询: 我们做医疗险的，是小额的那种，几百块就好，癌症都包哦 医疗险咨询...)
2025-07-31 13:04:05,475 - ai_insurance - INFO - agency_assistant.py:289 - 未检索到相关坑点
2025-07-31 13:04:17,482 - ai_insurance - INFO - agency_assistant.py:202 - 生成AI用户回应
2025-07-31 13:04:24,017 - ai_insurance - INFO - agency_assistant.py:379 - 完成智能对话助理分析
2025-07-31 13:54:32,195 - ai_insurance - INFO - agency_assistant.py:113 - 开始分析经纪人话语意图
2025-07-31 13:54:34,374 - ai_insurance - INFO - agency_assistant.py:254 - 生成助理建议
2025-07-31 13:54:34,735 - ai_insurance - INFO - rag_pit_detector.py:348 - 检索到 0 个相关坑点 (查询: 早期癌症和原位癌都有的，进口药、自费药全都能报销的 医疗险咨询...)
2025-07-31 13:54:34,735 - ai_insurance - INFO - agency_assistant.py:289 - 未检索到相关坑点
2025-07-31 13:54:49,408 - ai_insurance - INFO - agency_assistant.py:202 - 生成AI用户回应
2025-07-31 13:54:58,008 - ai_insurance - INFO - agency_assistant.py:379 - 完成智能对话助理分析
2025-07-31 14:11:25,168 - ai_insurance - INFO - rag_pit_detector.py:157 - 初始化阿里云嵌入模型: text-embedding-v4
2025-07-31 14:11:25,254 - ai_insurance - INFO - rag_pit_detector.py:265 - 成功加载向量数据库: data/vector_store/faiss_index
2025-07-31 14:11:25,254 - ai_insurance - INFO - agency_assistant.py:65 - RAG坑点检索器初始化成功
2025-07-31 14:12:12,903 - ai_insurance - INFO - agency_assistant.py:113 - 开始分析经纪人话语意图
2025-07-31 14:12:17,102 - ai_insurance - INFO - agency_assistant.py:254 - 生成助理建议
2025-07-31 14:12:17,634 - ai_insurance - INFO - rag_pit_detector.py:378 - 检索到 5 个相关坑点 (查询: 考虑我们的保险产品吗？进口药、自费药全部都能报销 保险产品介绍..., 相似度范围: 0.592-0.626)
2025-07-31 14:12:17,634 - ai_insurance - INFO - agency_assistant.py:291 - 检索到 5 个相关坑点
2025-07-31 14:12:29,031 - ai_insurance - INFO - agency_assistant.py:366 - 建议生成已融入RAG坑点检索结果
2025-07-31 14:12:29,037 - ai_insurance - INFO - agency_assistant.py:202 - 生成AI用户回应
2025-07-31 14:12:34,732 - ai_insurance - INFO - agency_assistant.py:383 - 完成智能对话助理分析
2025-07-31 14:13:10,949 - ai_insurance - INFO - agency_assistant.py:113 - 开始分析经纪人话语意图
2025-07-31 14:13:12,424 - ai_insurance - INFO - agency_assistant.py:254 - 生成助理建议
2025-07-31 14:13:12,710 - ai_insurance - INFO - rag_pit_detector.py:378 - 检索到 5 个相关坑点 (查询: 是100%报销！ 理赔流程..., 相似度范围: 0.552-0.592)
2025-07-31 14:13:12,711 - ai_insurance - INFO - agency_assistant.py:291 - 检索到 5 个相关坑点
2025-07-31 14:13:29,806 - ai_insurance - INFO - agency_assistant.py:366 - 建议生成已融入RAG坑点检索结果
2025-07-31 14:13:29,812 - ai_insurance - INFO - agency_assistant.py:202 - 生成AI用户回应
2025-07-31 14:13:36,301 - ai_insurance - INFO - agency_assistant.py:383 - 完成智能对话助理分析
